<?xml version="1.0" encoding="UTF-8"?>
<testng-results ignored="0" total="1" passed="1" failed="0" skipped="0">
  <reporter-output>
  </reporter-output>
  <suite started-at="2021-08-07T18:39:35 PDT" name="Surefire suite" finished-at="2021-08-07T18:41:52 PDT" duration-ms="137375">
    <groups>
      <group name="cucumber">
        <method signature="AbstractTestNGCucumberTests.feature(cucumber.api.testng.CucumberFeatureWrapper)[pri:0, instance:CaliTwoTestRunner.TestRunner_Cali@3e694b3f]" name="feature" class="cucumber.api.testng.AbstractTestNGCucumberTests"/>
      </group> <!-- cucumber -->
    </groups>
    <test started-at="2021-08-07T18:39:35 PDT" name="Surefire test" finished-at="2021-08-07T18:41:52 PDT" duration-ms="137375">
      <class name="CaliTwoTestRunner.TestRunner_Cali">
        <test-method is-config="true" signature="OpenBrowser()[pri:0, instance:CaliTwoTestRunner.TestRunner_Cali@3e694b3f]" started-at="2021-08-07T18:39:35 PDT" name="OpenBrowser" finished-at="2021-08-07T18:39:56 PDT" duration-ms="21341" status="PASS">
          <reporter-output>
          </reporter-output>
        </test-method> <!-- OpenBrowser -->
        <test-method is-config="true" signature="setUpClass()[pri:0, instance:CaliTwoTestRunner.TestRunner_Cali@3e694b3f]" started-at="2021-08-07T18:39:56 PDT" name="setUpClass" finished-at="2021-08-07T18:39:57 PDT" duration-ms="1450" status="PASS">
          <reporter-output>
          </reporter-output>
        </test-method> <!-- setUpClass -->
        <test-method signature="feature(cucumber.api.testng.CucumberFeatureWrapper)[pri:0, instance:CaliTwoTestRunner.TestRunner_Cali@3e694b3f]" started-at="2021-08-07T18:39:58 PDT" name="feature" description="Runs Cucumber Feature" data-provider="features" finished-at="2021-08-07T18:41:52 PDT" duration-ms="113675" status="PASS">
          <params>
            <param index="0">
              <value>
                <![CDATA[Multiple browser open and check accessability]]>
              </value>
            </param>
          </params>
          <reporter-output>
          </reporter-output>
        </test-method> <!-- feature -->
        <test-method is-config="true" signature="tearDownClass()[pri:0, instance:CaliTwoTestRunner.TestRunner_Cali@3e694b3f]" started-at="2021-08-07T18:41:52 PDT" name="tearDownClass" finished-at="2021-08-07T18:41:52 PDT" duration-ms="85" status="PASS">
          <reporter-output>
          </reporter-output>
        </test-method> <!-- tearDownClass -->
        <test-method is-config="true" signature="Closeebrowser()[pri:0, instance:CaliTwoTestRunner.TestRunner_Cali@3e694b3f]" started-at="2021-08-07T18:41:52 PDT" name="Closeebrowser" finished-at="2021-08-07T18:41:52 PDT" duration-ms="7" status="PASS">
          <reporter-output>
          </reporter-output>
        </test-method> <!-- Closeebrowser -->
      </class> <!-- CaliTwoTestRunner.TestRunner_Cali -->
    </test> <!-- Surefire test -->
  </suite> <!-- Surefire suite -->
</testng-results>
